build/app/intermediates/manifest_merge_blame_file/release/manifest-merger-blame-release-report.txt
1<?xml version="1.0" encoding="utf-8"?>
2<manifest xmlns:android="http://schemas.android.com/apk/res/android"
3    package="com.example.mma_mse"
4    android:versionCode="2"
5    android:versionName="1.0.1" >
6
7    <uses-sdk
8        android:minSdkVersion="17"
8-->src\main\AndroidManifest.xml
9        android:targetSdkVersion="30" />
9-->src\main\AndroidManifest.xml
10
11    <uses-permission android:name="android.permission.INTERNET" />
11-->src\main\AndroidManifest.xml:4:5-67
11-->src\main\AndroidManifest.xml:4:22-64
12    <uses-permission android:name="android.permission.ACCESS_NETWORK_STATE" />
12-->src\main\AndroidManifest.xml:5:5-79
12-->src\main\AndroidManifest.xml:5:22-76
13    <uses-permission android:name="android.permission.QUERY_ALL_PACKAGES" />
13-->src\main\AndroidManifest.xml:6:5-76
13-->src\main\AndroidManifest.xml:6:22-74
14    <uses-permission android:name="android.permission.CAMERA" />
14-->[:barcode_scan_fix] AndroidManifest.xml:11:5-65
14-->[:barcode_scan_fix] AndroidManifest.xml:11:22-62
15    <uses-permission android:name="android.permission.READ_EXTERNAL_STORAGE" />
15-->[:image_picker] AndroidManifest.xml:7:5-80
15-->[:image_picker] AndroidManifest.xml:7:22-77
16    <uses-permission android:name="android.permission.WRITE_EXTERNAL_STORAGE" />
16-->[:image_picker] AndroidManifest.xml:8:5-81
16-->[:image_picker] AndroidManifest.xml:8:22-78
17
18    <application
18-->src\main\AndroidManifest.xml:7:4-45:19
19        android:appComponentFactory="androidx.core.app.CoreComponentFactory"
19-->[androidx.core:core:1.1.0] AndroidManifest.xml:24:18-86
20        android:icon="@mipmap/ic_launcher"
20-->src\main\AndroidManifest.xml:9:9-43
21        android:label="mma_mse" >
21-->src\main\AndroidManifest.xml:8:9-32
22        <activity
22-->src\main\AndroidManifest.xml:10:9-39:20
23            android:name="com.example.mma_mse.MainActivity"
23-->src\main\AndroidManifest.xml:11:13-41
24            android:configChanges="orientation|keyboardHidden|keyboard|screenSize|smallestScreenSize|locale|layoutDirection|fontScale|screenLayout|density|uiMode"
24-->src\main\AndroidManifest.xml:14:13-163
25            android:hardwareAccelerated="true"
25-->src\main\AndroidManifest.xml:15:13-47
26            android:launchMode="singleTop"
26-->src\main\AndroidManifest.xml:12:13-43
27            android:theme="@style/LaunchTheme"
27-->src\main\AndroidManifest.xml:13:13-47
28            android:windowSoftInputMode="adjustResize" >
28-->src\main\AndroidManifest.xml:16:13-55
29
30            <!--
31                 Specifies an Android theme to apply to this Activity as soon as
32                 the Android process has started. This theme is visible to the user
33                 while the Flutter UI initializes. After that, this theme continues
34                 to determine the Window background behind the Flutter UI.
35            -->
36            <meta-data
36-->src\main\AndroidManifest.xml:22:13-25:17
37                android:name="io.flutter.embedding.android.NormalTheme"
37-->src\main\AndroidManifest.xml:23:15-70
38                android:resource="@style/NormalTheme" />
38-->src\main\AndroidManifest.xml:24:15-52
39            <!--
40                 Displays an Android View that continues showing the launch screen
41                 Drawable until Flutter paints its first frame, then this splash
42                 screen fades out. A splash screen is useful to avoid any visual
43                 gap between the end of Android's launch screen and the painting of
44                 Flutter's first frame.
45            -->
46            <meta-data
46-->src\main\AndroidManifest.xml:31:13-34:17
47                android:name="io.flutter.embedding.android.SplashScreenDrawable"
47-->src\main\AndroidManifest.xml:32:15-79
48                android:resource="@drawable/launch_background" />
48-->src\main\AndroidManifest.xml:33:15-61
49
50            <intent-filter>
50-->src\main\AndroidManifest.xml:35:13-38:29
51                <action android:name="android.intent.action.MAIN" />
51-->src\main\AndroidManifest.xml:36:17-68
51-->src\main\AndroidManifest.xml:36:25-66
52
53                <category android:name="android.intent.category.LAUNCHER" />
53-->src\main\AndroidManifest.xml:37:17-76
53-->src\main\AndroidManifest.xml:37:27-74
54            </intent-filter>
55        </activity>
56        <!--
57             Don't delete the meta-data below.
58             This is used by the Flutter tool to generate GeneratedPluginRegistrant.java
59        -->
60        <meta-data
60-->src\main\AndroidManifest.xml:42:9-44:33
61            android:name="flutterEmbedding"
61-->src\main\AndroidManifest.xml:43:13-44
62            android:value="2" />
62-->src\main\AndroidManifest.xml:44:13-30
63
64        <activity android:name="com.apptreesoftware.barcodescan.BarcodeScannerActivity" />
64-->[:barcode_scan_fix] AndroidManifest.xml:14:9-91
64-->[:barcode_scan_fix] AndroidManifest.xml:14:19-88
65        <activity
65-->[:flutter_inappwebview] AndroidManifest.xml:8:9-11:47
66            android:name="com.pichillilorenzo.flutter_inappwebview.InAppBrowser.InAppBrowserActivity"
66-->[:flutter_inappwebview] AndroidManifest.xml:9:13-102
67            android:configChanges="orientation|screenSize"
67-->[:flutter_inappwebview] AndroidManifest.xml:10:13-59
68            android:theme="@style/AppTheme" />
68-->[:flutter_inappwebview] AndroidManifest.xml:11:13-44
69        <activity
69-->[:flutter_inappwebview] AndroidManifest.xml:12:9-15:55
70            android:name="com.pichillilorenzo.flutter_inappwebview.ChromeCustomTabs.ChromeCustomTabsActivity"
70-->[:flutter_inappwebview] AndroidManifest.xml:13:13-110
71            android:configChanges="orientation|screenSize"
71-->[:flutter_inappwebview] AndroidManifest.xml:14:13-59
72            android:theme="@style/ThemeTransparent" />
72-->[:flutter_inappwebview] AndroidManifest.xml:15:13-52
73
74        <receiver android:name="com.pichillilorenzo.flutter_inappwebview.ChromeCustomTabs.ActionBroadcastReceiver" />
74-->[:flutter_inappwebview] AndroidManifest.xml:17:9-118
74-->[:flutter_inappwebview] AndroidManifest.xml:17:19-115
75
76        <provider
76-->[:image_picker] AndroidManifest.xml:11:9-19:20
77            android:name="io.flutter.plugins.imagepicker.ImagePickerFileProvider"
77-->[:image_picker] AndroidManifest.xml:12:13-82
78            android:authorities="com.example.mma_mse.flutter.image_provider"
78-->[:image_picker] AndroidManifest.xml:13:13-74
79            android:exported="false"
79-->[:image_picker] AndroidManifest.xml:14:13-37
80            android:grantUriPermissions="true" >
80-->[:image_picker] AndroidManifest.xml:15:13-47
81            <meta-data
81-->[:image_picker] AndroidManifest.xml:16:13-18:75
82                android:name="android.support.FILE_PROVIDER_PATHS"
82-->[:image_picker] AndroidManifest.xml:17:17-67
83                android:resource="@xml/flutter_image_picker_file_paths" />
83-->[:image_picker] AndroidManifest.xml:18:17-72
84        </provider>
85
86        <activity
86-->[:url_launcher] AndroidManifest.xml:8:9-11:74
87            android:name="io.flutter.plugins.urllauncher.WebViewActivity"
87-->[:url_launcher] AndroidManifest.xml:9:13-74
88            android:exported="false"
88-->[:url_launcher] AndroidManifest.xml:10:13-37
89            android:theme="@android:style/Theme.NoTitleBar.Fullscreen" />
89-->[:url_launcher] AndroidManifest.xml:11:13-71
90
91        <provider
91-->[:flutter_email_sender] AndroidManifest.xml:8:9-16:20
92            android:name="com.sidlatau.flutteremailsender.FlutterEmailSenderFileProvider"
92-->[:flutter_email_sender] AndroidManifest.xml:9:13-90
93            android:authorities="com.example.mma_mse.file_provider"
93-->[:flutter_email_sender] AndroidManifest.xml:10:13-65
94            android:exported="false"
94-->[:flutter_email_sender] AndroidManifest.xml:11:13-37
95            android:grantUriPermissions="true" >
95-->[:flutter_email_sender] AndroidManifest.xml:12:13-47
96            <meta-data
96-->[:image_picker] AndroidManifest.xml:16:13-18:75
97                android:name="android.support.FILE_PROVIDER_PATHS"
97-->[:image_picker] AndroidManifest.xml:17:17-67
98                android:resource="@xml/shared_file_paths" />
98-->[:image_picker] AndroidManifest.xml:18:17-72
99        </provider>
100    </application>
101
102</manifest>